<?xml version="1.0" encoding="UTF-8"?>
<testsuite name="NewTours Register" tests="2" skipped="0" failures="0" errors="0" timestamp="2018-10-24T05:35:27" hostname="RC-PC" time="166.303">
  <properties/>
  <testcase name="NewTours Register" classname="NewTours Register" time="90.225"/>
  <testcase name="NewTours Register" classname="NewTours Register" time="76.076"/>
  <system-out><![CDATA[actualmente en: 0
    Given User is in NewTours Register Page # NewToursRegisterStepsDef.userIsInNewToursRegisterPage()

  @NewTours @Register
  Scenario Outline: NewTours Register  # src/test/resources/features/newTours_register.feature:22
    When User fill the form info 0     # NewToursRegisterStepsDef.userFillTheFormInfo(int,RegisterData>)
    And User sumbit on register button # NewToursRegisterStepsDef.userSumbitOnRegisterButton()
    Then User successful registered    # NewToursRegisterStepsDef.userSuccessfulRegistered()
actualmente en: 0
    Given User is in NewTours Register Page # NewToursRegisterStepsDef.userIsInNewToursRegisterPage()

  @NewTours @Register
  Scenario Outline: NewTours Register  # src/test/resources/features/newTours_register.feature:23
    When User fill the form info 1     # NewToursRegisterStepsDef.userFillTheFormInfo(int,RegisterData>)
    And User sumbit on register button # NewToursRegisterStepsDef.userSumbitOnRegisterButton()
    Then User successful registered    # NewToursRegisterStepsDef.userSuccessfulRegistered()
]]></system-out>
  <system-err><![CDATA[oct 24, 2018 12:35:29 AM org.openqa.selenium.remote.ProtocolHandshake createSession
INFORMACIÓN: Detected dialect: OSS
[Test worker] INFO net.thucydides.core.steps.ConsoleLoggingListener - 
        __    _____ _____ ____ _____   ____   _    ____  ____  _____ ____  
  _     \ \  |_   _| ____/ ___|_   _| |  _ \ / \  / ___|/ ___|| ____|  _ \ 
 (_)_____| |   | | |  _| \___ \ | |   | |_) / _ \ \___ \\___ \|  _| | | | |
  _|_____| |   | | | |___ ___) || |   |  __/ ___ \ ___) |___) | |___| |_| |
 (_)     | |   |_| |_____|____/ |_|   |_| /_/   \_\____/|____/|_____|____/ 
        /_/                                                                

TEST PASSED: NewTours Register
----------------------------------------------------------------------------
oct 24, 2018 12:37:00 AM org.openqa.selenium.remote.ProtocolHandshake createSession
INFORMACIÓN: Detected dialect: OSS
[Test worker] INFO net.thucydides.core.steps.ConsoleLoggingListener - 
        __    _____ _____ ____ _____   ____   _    ____  ____  _____ ____  
  _     \ \  |_   _| ____/ ___|_   _| |  _ \ / \  / ___|/ ___|| ____|  _ \ 
 (_)_____| |   | | |  _| \___ \ | |   | |_) / _ \ \___ \\___ \|  _| | | | |
  _|_____| |   | | | |___ ___) || |   |  __/ ___ \ ___) |___) | |___| |_| |
 (_)     | |   |_| |_____|____/ |_|   |_| /_/   \_\____/|____/|_____|____/ 
        /_/                                                                

TEST PASSED: NewTours Register
----------------------------------------------------------------------------
]]></system-err>
</testsuite>
