<?xml version="1.0" encoding="UTF-8"?>
<testsuite name="com.newtours.runers.NewToursRegisterRunner" tests="0" skipped="0" failures="0" errors="0" timestamp="1970-01-01T00:00:00" hostname="RC-PC" time="0.0">
  <properties/>
  <system-out><![CDATA[@NewTours
Feature: NewTours Register
  As a traveler user
  I want register in New Tours
  to succsesfull log-in in to the page

  @Register
  Scenario Outline: NewTours Register # src/test/resources/features/newTours_register.feature:12
    When User fill the form info <attemps>
    And User sumbit on register button
    Then User successful registered

    Examples: 

  Background: Open Browser                  # src/test/resources/features/newTours_register.feature:8

  Background: Open Browser                  # src/test/resources/features/newTours_register.feature:8

Failed scenarios:
src/test/resources/features/newTours_register.feature:22 # NewTours Register
src/test/resources/features/newTours_register.feature:23 # NewTours Register

2 Scenarios (2 failed)
8 Steps (2 failed, 6 skipped)
0m14,655s

java.lang.AssertionError: No Aplication Connection - Expected button
Expected: is <true>
     but: was <false>
	at net.serenitybdd.screenplay.ErrorTally.throwSummaryExceptionFrom(ErrorTally.java:36)
	at net.serenitybdd.screenplay.ErrorTally.reportAnyErrors(ErrorTally.java:30)
	at net.serenitybdd.screenplay.Actor.should(Actor.java:244)
	at com.newtours.stepsdefinition.NewToursRegisterStepsDef.userIsInNewToursRegisterPage(NewToursRegisterStepsDef.java:67)
	at ?.User is in NewTours Register Page(src/test/resources/features/newTours_register.feature:9)

java.lang.AssertionError: No Aplication Connection - Expected button
Expected: is <true>
     but: was <false>
	at net.serenitybdd.screenplay.ErrorTally.throwSummaryExceptionFrom(ErrorTally.java:36)
	at net.serenitybdd.screenplay.ErrorTally.reportAnyErrors(ErrorTally.java:30)
	at net.serenitybdd.screenplay.Actor.should(Actor.java:244)
	at com.newtours.stepsdefinition.NewToursRegisterStepsDef.userIsInNewToursRegisterPage(NewToursRegisterStepsDef.java:67)
	at ?.User is in NewTours Register Page(src/test/resources/features/newTours_register.feature:9)

]]></system-out>
  <system-err><![CDATA[[Test worker] INFO net.thucydides.core.steps.ConsoleLoggingListener - Test Suite Started: NewTours Register
[Test worker] INFO net.thucydides.core.steps.ConsoleLoggingListener - 
 _____ _____ ____ _____   ____ _____  _    ____ _____ _____ ____  
|_   _| ____/ ___|_   _| / ___|_   _|/ \  |  _ \_   _| ____|  _ \ 
  | | |  _| \___ \ | |   \___ \ | | / _ \ | |_) || | |  _| | | | |
  | | | |___ ___) || |    ___) || |/ ___ \|  _ < | | | |___| |_| |
  |_| |_____|____/ |_|   |____/ |_/_/   \_\_| \_\|_| |_____|____/ 
                                                                  

TEST STARTED: NewTours Register
-------------------------------------------------------------------(newtours-register;newtours-register)
]]></system-err>
</testsuite>
