<?xml version="1.0" encoding="UTF-8"?>
<testsuite name="com.newtours.runers.NewToursLoginRunner" tests="0" skipped="0" failures="0" errors="0" timestamp="1970-01-01T00:00:00" hostname="RC-PC" time="0.0">
  <properties/>
  <system-out><![CDATA[@NewTours
Feature: NewTours Login
  As a traveler user
  I want to use NewTours Page
  to succesfull autentication in home page

  @Login
  Scenario Outline: User Log in # src/test/resources/features/newTours_login.feature:12
    When User type User"<usuario>" and Pass"<password>"
    And User click log-in button
    Then User successful login

    Examples: 

  Background: Open Browser              # src/test/resources/features/newTours_login.feature:8

  Background: Open Browser              # src/test/resources/features/newTours_login.feature:8

Failed scenarios:
src/test/resources/features/newTours_login.feature:19 # User Log in
src/test/resources/features/newTours_login.feature:20 # User Log in

2 Scenarios (2 failed)
8 Steps (2 failed, 6 skipped)
0m42,414s

java.lang.AssertionError: No Aplication Connection - Expected button
Expected: is <true>
     but: was <false>
	at net.serenitybdd.screenplay.ErrorTally.throwSummaryExceptionFrom(ErrorTally.java:36)
	at net.serenitybdd.screenplay.ErrorTally.reportAnyErrors(ErrorTally.java:30)
	at net.serenitybdd.screenplay.Actor.should(Actor.java:244)
	at com.newtours.stepsdefinition.NewToursLoginStepsDef.userIsInNewToursHomePage(NewToursLoginStepsDef.java:45)
	at ?.User is in NewTours Home Page(src/test/resources/features/newTours_login.feature:9)

java.lang.AssertionError: No Aplication Connection - Expected button
Expected: is <true>
     but: was <false>
	at net.serenitybdd.screenplay.ErrorTally.throwSummaryExceptionFrom(ErrorTally.java:36)
	at net.serenitybdd.screenplay.ErrorTally.reportAnyErrors(ErrorTally.java:30)
	at net.serenitybdd.screenplay.Actor.should(Actor.java:244)
	at com.newtours.stepsdefinition.NewToursLoginStepsDef.userIsInNewToursHomePage(NewToursLoginStepsDef.java:45)
	at ?.User is in NewTours Home Page(src/test/resources/features/newTours_login.feature:9)

]]></system-out>
  <system-err><![CDATA[[Test worker] INFO net.thucydides.core.steps.ConsoleLoggingListener - ?[36m

-------------------------------------------------------------------------------------
     _______. _______ .______       _______ .__   __.  __  .___________.____    ____ 
    /       ||   ____||   _  \     |   ____||  \ |  | |  | |           |\   \  /   / 
   |   (----`|  |__   |  |_)  |    |  |__   |   \|  | |  | `---|  |----` \   \/   /  
    \   \    |   __|  |      /     |   __|  |  . `  | |  |     |  |       \_    _/   
.----)   |   |  |____ |  |\  \----.|  |____ |  |\   | |  |     |  |         |  |     
|_______/    |_______|| _| `._____||_______||__| \__| |__|     |__|         |__|    
                                                                                     
 News and tutorials at http://www.serenity-bdd.info                                  
 Documentation at https://wakaleo.gitbooks.io/the-serenity-book/content/             
 Join the Serenity Community on Rocket Chat at https://serenity-bdd.rocket.chat      
 Serenity BDD Support and Training at http://serenity-bdd.info/#/trainingandsupport  
 Learn Serenity BDD online at http://serenity-dojo.com                               
-------------------------------------------------------------------------------------
?[0m
[Test worker] INFO net.thucydides.core.steps.ConsoleLoggingListener - Test Suite Started: NewTours Login
[Test worker] INFO net.thucydides.core.steps.ConsoleLoggingListener - 
 _____ _____ ____ _____   ____ _____  _    ____ _____ _____ ____  
|_   _| ____/ ___|_   _| / ___|_   _|/ \  |  _ \_   _| ____|  _ \ 
  | | |  _| \___ \ | |   \___ \ | | / _ \ | |_) || | |  _| | | | |
  | | | |___ ___) || |    ___) || |/ ___ \|  _ < | | | |___| |_| |
  |_| |_____|____/ |_|   |____/ |_/_/   \_\_| \_\|_| |_____|____/ 
                                                                  

TEST STARTED: User Log in
-------------------------------------------------------------------(newtours-login;user-log-in)
]]></system-err>
</testsuite>
