<?xml version="1.0" encoding="UTF-8"?>
<testsuite name="NewTours Login" tests="2" skipped="0" failures="2" errors="0" timestamp="2018-10-24T14:38:15" hostname="RC-PC" time="41.371">
  <properties/>
  <testcase name="User Log in" classname="NewTours Login" time="10.43">
    <failure message="java.lang.AssertionError: No Aplication Connection - Expected button&#10;Expected: is &lt;true&gt;&#10;     but: was &lt;false&gt;" type="java.lang.AssertionError">java.lang.AssertionError: No Aplication Connection - Expected button
Expected: is &lt;true&gt;
     but: was &lt;false&gt;
	at net.serenitybdd.screenplay.ErrorTally.throwSummaryExceptionFrom(ErrorTally.java:36)
	at net.serenitybdd.screenplay.ErrorTally.reportAnyErrors(ErrorTally.java:30)
	at net.serenitybdd.screenplay.Actor.should(Actor.java:244)
	at com.newtours.stepsdefinition.NewToursLoginStepsDef.userIsInNewToursHomePage(NewToursLoginStepsDef.java:45)
	at ✽.User is in NewTours Home Page(src/test/resources/features/newTours_login.feature:9)
</failure>
  </testcase>
  <testcase name="User Log in" classname="NewTours Login" time="30.935">
    <failure message="java.lang.AssertionError: No Aplication Connection - Expected button&#10;Expected: is &lt;true&gt;&#10;     but: was &lt;false&gt;" type="java.lang.AssertionError">java.lang.AssertionError: No Aplication Connection - Expected button
Expected: is &lt;true&gt;
     but: was &lt;false&gt;
	at net.serenitybdd.screenplay.ErrorTally.throwSummaryExceptionFrom(ErrorTally.java:36)
	at net.serenitybdd.screenplay.ErrorTally.reportAnyErrors(ErrorTally.java:30)
	at net.serenitybdd.screenplay.Actor.should(Actor.java:244)
	at com.newtours.stepsdefinition.NewToursLoginStepsDef.userIsInNewToursHomePage(NewToursLoginStepsDef.java:45)
	at ✽.User is in NewTours Home Page(src/test/resources/features/newTours_login.feature:9)
</failure>
  </testcase>
  <system-out><![CDATA[    Given User is in NewTours Home Page # NewToursLoginStepsDef.userIsInNewToursHomePage()
      java.lang.AssertionError: No Aplication Connection - Expected button
Expected: is <true>
     but: was <false>
	at net.serenitybdd.screenplay.ErrorTally.throwSummaryExceptionFrom(ErrorTally.java:36)
	at net.serenitybdd.screenplay.ErrorTally.reportAnyErrors(ErrorTally.java:30)
	at net.serenitybdd.screenplay.Actor.should(Actor.java:244)
	at com.newtours.stepsdefinition.NewToursLoginStepsDef.userIsInNewToursHomePage(NewToursLoginStepsDef.java:45)
	at ?.User is in NewTours Home Page(src/test/resources/features/newTours_login.feature:9)


  @NewTours @Login
  Scenario Outline: User Log in                     # src/test/resources/features/newTours_login.feature:19
    When User type User"alejo2265" and Pass"qwe123" # NewToursLoginStepsDef.userTypeUserAndPass(String,String)
    And User click log-in button                    # NewToursLoginStepsDef.userClickLogInButton()
    Then User successful login                      # NewToursLoginStepsDef.userSuccessfulLogin()
    Given User is in NewTours Home Page # NewToursLoginStepsDef.userIsInNewToursHomePage()
      java.lang.AssertionError: No Aplication Connection - Expected button
Expected: is <true>
     but: was <false>
	at net.serenitybdd.screenplay.ErrorTally.throwSummaryExceptionFrom(ErrorTally.java:36)
	at net.serenitybdd.screenplay.ErrorTally.reportAnyErrors(ErrorTally.java:30)
	at net.serenitybdd.screenplay.Actor.should(Actor.java:244)
	at com.newtours.stepsdefinition.NewToursLoginStepsDef.userIsInNewToursHomePage(NewToursLoginStepsDef.java:45)
	at ?.User is in NewTours Home Page(src/test/resources/features/newTours_login.feature:9)


  @NewTours @Login
  Scenario Outline: User Log in                    # src/test/resources/features/newTours_login.feature:20
    When User type User"alejooo" and Pass"adw1w23" # NewToursLoginStepsDef.userTypeUserAndPass(String,String)
    And User click log-in button                   # NewToursLoginStepsDef.userClickLogInButton()
    Then User successful login                     # NewToursLoginStepsDef.userSuccessfulLogin()
]]></system-out>
  <system-err><![CDATA[Starting ChromeDriver 2.42.591088 (7b2b2dca23cca0862f674758c9a3933e685c27d5) on port 11883
Only local connections are allowed.
oct 24, 2018 9:38:20 AM org.openqa.selenium.remote.ProtocolHandshake createSession
INFORMACIÓN: Detected dialect: OSS
[Test worker] ERROR net.thucydides.core.steps.ConsoleLoggingListener - 
           __  _____ _____ ____ _____   _____ _    ___ _     _____ ____  
  _       / / |_   _| ____/ ___|_   _| |  ___/ \  |_ _| |   | ____|  _ \ 
 (_)_____| |    | | |  _| \___ \ | |   | |_ / _ \  | || |   |  _| | | | |
  _|_____| |    | | | |___ ___) || |   |  _/ ___ \ | || |___| |___| |_| |
 (_)     | |    |_| |_____|____/ |_|   |_|/_/   \_\___|_____|_____|____/ 
          \_\                                                            

TEST FAILED: User Log in
--------------------------------------------------------------------------
[Test worker] ERROR net.thucydides.core.steps.ConsoleLoggingListener - TEST FAILED AT STEP Then button
[Test worker] ERROR net.thucydides.core.steps.ConsoleLoggingListener - No Aplication Connection - Expected buttonExpected: is <true> but: was <false>
oct 24, 2018 9:38:27 AM org.openqa.selenium.remote.ProtocolHandshake createSession
INFORMACIÓN: Detected dialect: OSS
]]></system-err>
</testsuite>
